

Microchip MPLAB XC8 Assembler V3.00 build 20241204225717 
                                                                                               Tue Aug 26 13:07:59 2025

Microchip MPLAB XC8 C Compiler v3.00 (Free license) build 20241204225717 Og1 
     1                           	processor	16F627
     2                           	pagewidth 120
     3                           	opt	flic
     4                           	psect	cinit,global,class=CODE,space=0,merge=1,delta=2
     5                           	psect	cstackCOMMON,global,class=COMMON,space=1,delta=1,noexec
     6                           	psect	maintext,global,class=CODE,space=0,split=1,delta=2
     7                           	dabs	1,0x7E,2
     8     0000                     
     9                           ; Generated 12/10/2023 GMT
    10                           ; 
    11                           ; Copyright © 2023, Microchip Technology Inc. and its subsidiaries ("Microchip")
    12                           ; All rights reserved.
    13                           ; 
    14                           ; This software is developed by Microchip Technology Inc. and its subsidiaries ("Microch
      +                          ip").
    15                           ; 
    16                           ; Redistribution and use in source and binary forms, with or without modification, are
    17                           ; permitted provided that the following conditions are met:
    18                           ; 
    19                           ;     1. Redistributions of source code must retain the above copyright notice, this lis
      +                          t of
    20                           ;        conditions and the following disclaimer.
    21                           ; 
    22                           ;     2. Redistributions in binary form must reproduce the above copyright notice, this 
      +                          list
    23                           ;        of conditions and the following disclaimer in the documentation and/or other
    24                           ;        materials provided with the distribution. Publication is not required when
    25                           ;        this file is used in an embedded application.
    26                           ; 
    27                           ;     3. Microchip's name may not be used to endorse or promote products derived from th
      +                          is
    28                           ;        software without specific prior written permission.
    29                           ; 
    30                           ; THIS SOFTWARE IS PROVIDED BY MICROCHIP "AS IS" AND ANY EXPRESS OR IMPLIED WARRANTIES,
    31                           ; INCLUDING, BUT NOT LIMITED TO, THE IMPLIED WARRANTIES OF MERCHANTABILITY AND FITNESS F
      +                          OR
    32                           ; PURPOSE ARE DISCLAIMED.  IN NO EVENT SHALL MICROCHIP BE LIABLE FOR ANY DIRECT, INDIREC
      +                          T,
    33                           ; INCIDENTAL, SPECIAL, EXEMPLARY, OR CONSEQUENTIAL DAMAGES (INCLUDING BUT NOT LIMITED TO
    34                           ; PROCUREMENT OF SUBSTITUTE GOODS OR SERVICES; LOSS OF USE, DATA OR PROFITS; OR BUSINESS
    35                           ; INTERRUPTION) HOWSOEVER CAUSED AND ON ANY THEORY OF LIABILITY, WHETHER IN CONTRACT, ST
      +                          RICT
    36                           ; LIABILITY, OR TORT (INCLUDING NEGLIGENCE OR OTHERWISE) ARISING IN ANY WAY OUT OF THE U
      +                          SE OF
    37                           ; THIS SOFTWARE, EVEN IF ADVISED OF THE POSSIBILITY OF SUCH DAMAGE.
    38                           ; 
    39                           ; 
    40                           ; Code-generator required, PIC16F627 Definitions
    41                           ; 
    42                           ; SFR Addresses
    43     0004                     fsr             equ	4
    44     0004                     fsr0            equ	4
    45     0000                     indf            equ	0
    46     0000                     indf0           equ	0
    47     0002                     pc              equ	2
    48     0002                     pcl             equ	2
    49     000A                     pclath          equ	10
    50     0003                     status          equ	3
    51     0000                     INDF            equ	0	;# 
    52     0001                     TMR0            equ	1	;# 
    53     0002                     PCL             equ	2	;# 
    54     0003                     STATUS          equ	3	;# 
    55     0004                     FSR             equ	4	;# 
    56     0005                     PORTA           equ	5	;# 
    57     0006                     PORTB           equ	6	;# 
    58     000A                     PCLATH          equ	10	;# 
    59     000B                     INTCON          equ	11	;# 
    60     000C                     PIR1            equ	12	;# 
    61     000E                     TMR1            equ	14	;# 
    62     000E                     TMR1L           equ	14	;# 
    63     000F                     TMR1H           equ	15	;# 
    64     0010                     T1CON           equ	16	;# 
    65     0011                     TMR2            equ	17	;# 
    66     0012                     T2CON           equ	18	;# 
    67     0015                     CCPR1           equ	21	;# 
    68     0015                     CCPR1L          equ	21	;# 
    69     0016                     CCPR1H          equ	22	;# 
    70     0017                     CCP1CON         equ	23	;# 
    71     0018                     RCSTA           equ	24	;# 
    72     0019                     TXREG           equ	25	;# 
    73     001A                     RCREG           equ	26	;# 
    74     001F                     CMCON           equ	31	;# 
    75     0081                     OPTION_REG      equ	129	;# 
    76     0085                     TRISA           equ	133	;# 
    77     0086                     TRISB           equ	134	;# 
    78     008C                     PIE1            equ	140	;# 
    79     008E                     PCON            equ	142	;# 
    80     0092                     PR2             equ	146	;# 
    81     0098                     TXSTA           equ	152	;# 
    82     0099                     SPBRG           equ	153	;# 
    83     009A                     EEDATA          equ	154	;# 
    84     009B                     EEADR           equ	155	;# 
    85     009C                     EECON1          equ	156	;# 
    86     009D                     EECON2          equ	157	;# 
    87     009F                     VRCON           equ	159	;# 
    88     0000                     INDF            equ	0	;# 
    89     0001                     TMR0            equ	1	;# 
    90     0002                     PCL             equ	2	;# 
    91     0003                     STATUS          equ	3	;# 
    92     0004                     FSR             equ	4	;# 
    93     0005                     PORTA           equ	5	;# 
    94     0006                     PORTB           equ	6	;# 
    95     000A                     PCLATH          equ	10	;# 
    96     000B                     INTCON          equ	11	;# 
    97     000C                     PIR1            equ	12	;# 
    98     000E                     TMR1            equ	14	;# 
    99     000E                     TMR1L           equ	14	;# 
   100     000F                     TMR1H           equ	15	;# 
   101     0010                     T1CON           equ	16	;# 
   102     0011                     TMR2            equ	17	;# 
   103     0012                     T2CON           equ	18	;# 
   104     0015                     CCPR1           equ	21	;# 
   105     0015                     CCPR1L          equ	21	;# 
   106     0016                     CCPR1H          equ	22	;# 
   107     0017                     CCP1CON         equ	23	;# 
   108     0018                     RCSTA           equ	24	;# 
   109     0019                     TXREG           equ	25	;# 
   110     001A                     RCREG           equ	26	;# 
   111     001F                     CMCON           equ	31	;# 
   112     0081                     OPTION_REG      equ	129	;# 
   113     0085                     TRISA           equ	133	;# 
   114     0086                     TRISB           equ	134	;# 
   115     008C                     PIE1            equ	140	;# 
   116     008E                     PCON            equ	142	;# 
   117     0092                     PR2             equ	146	;# 
   118     0098                     TXSTA           equ	152	;# 
   119     0099                     SPBRG           equ	153	;# 
   120     009A                     EEDATA          equ	154	;# 
   121     009B                     EEADR           equ	155	;# 
   122     009C                     EECON1          equ	156	;# 
   123     009D                     EECON2          equ	157	;# 
   124     009F                     VRCON           equ	159	;# 
   125     0006                     _PORTBbits      set	6
   126     0006                     _PORTB          set	6
   127     0086                     _TRISB          set	134
   128                           
   129                           	psect	cinit
   130     03FE                     start_initialization:	
   131                           ; #config settings
   132                           
   133     03FE                     __initialization:
   134     03FE                     end_of_initialization:	
   135                           ;End of C runtime variable initialization code
   136                           
   137     03FE                     __end_of__initialization:
   138     03FE  0183               	clrf	3
   139     03FF  2BD6               	ljmp	_main	;jump to C main() function
   140                           
   141                           	psect	cstackCOMMON
   142     0070                     __pcstackCOMMON:
   143     0070                     ?_main:
   144     0070                     ??_main:	
   145                           ; 1 bytes @ 0x0
   146                           
   147                           
   148                           ; 1 bytes @ 0x0
   149     0070                     	ds	3
   150                           
   151                           	psect	maintext
   152     03D6                     __pmaintext:	
   153 ;;
   154 ;;Main: autosize = 0, tempsize = 3, incstack = 0, save=0
   155 ;;
   156 ;; *************** function _main *****************
   157 ;; Defined at:
   158 ;;		line 14 in file "main.c"
   159 ;; Parameters:    Size  Location     Type
   160 ;;		None
   161 ;; Auto vars:     Size  Location     Type
   162 ;;		None
   163 ;; Return value:  Size  Location     Type
   164 ;;                  1    wreg      void 
   165 ;; Registers used:
   166 ;;		wreg, status,2
   167 ;; Tracked objects:
   168 ;;		On entry : B00/0
   169 ;;		On exit  : 0/0
   170 ;;		Unchanged: 0/0
   171 ;; Data sizes:     COMMON   BANK0   BANK1   BANK2
   172 ;;      Params:         0       0       0       0
   173 ;;      Locals:         0       0       0       0
   174 ;;      Temps:          3       0       0       0
   175 ;;      Totals:         3       0       0       0
   176 ;;Total ram usage:        3 bytes
   177 ;; This function calls:
   178 ;;		Nothing
   179 ;; This function is called by:
   180 ;;		Startup code after reset
   181 ;; This function uses a non-reentrant model
   182 ;;
   183                           
   184     03D6                     _main:	
   185                           ;psect for function _main
   186                           
   187     03D6                     l560:	
   188                           ;incstack = 0
   189                           ; Regs used in _main: [wreg+status,2]
   190                           
   191                           
   192                           ;main.c: 16:     TRISB = 0x00;
   193     03D6  1683               	bsf	3,5	;RP0=1, select bank1
   194     03D7  1303               	bcf	3,6	;RP1=0, select bank1
   195     03D8  0186               	clrf	6	;volatile
   196                           
   197                           ;main.c: 17:     PORTB = 0x00;
   198     03D9  1283               	bcf	3,5	;RP0=0, select bank0
   199     03DA  1303               	bcf	3,6	;RP1=0, select bank0
   200     03DB  0186               	clrf	6	;volatile
   201     03DC                     l562:
   202                           
   203                           ;main.c: 20:         PORTBbits.RB0 = 1; _delay((unsigned long)((500)*(4000000UL/4000.0))
      +                          );
   204     03DC  1283               	bcf	3,5	;RP0=0, select bank0
   205     03DD  1303               	bcf	3,6	;RP1=0, select bank0
   206     03DE  1406               	bsf	6,0	;volatile
   207     03DF                     l564:
   208     03DF  3003               	movlw	3
   209     03E0  00F2               	movwf	??_main+2
   210     03E1  308A               	movlw	138
   211     03E2  00F1               	movwf	??_main+1
   212     03E3  3055               	movlw	85
   213     03E4  00F0               	movwf	??_main
   214     03E5                     u17:
   215     03E5  0BF0               	decfsz	??_main,f
   216     03E6  2BE5               	goto	u17
   217     03E7  0BF1               	decfsz	??_main+1,f
   218     03E8  2BE5               	goto	u17
   219     03E9  0BF2               	decfsz	??_main+2,f
   220     03EA  2BE5               	goto	u17
   221     03EB  2BEC               	nop2
   222     03EC                     l566:
   223                           
   224                           ;main.c: 21:         PORTBbits.RB0 = 0; _delay((unsigned long)((500)*(4000000UL/4000.0))
      +                          );
   225     03EC  1283               	bcf	3,5	;RP0=0, select bank0
   226     03ED  1303               	bcf	3,6	;RP1=0, select bank0
   227     03EE  1006               	bcf	6,0	;volatile
   228     03EF                     l568:
   229     03EF  3003               	movlw	3
   230     03F0  00F2               	movwf	??_main+2
   231     03F1  308A               	movlw	138
   232     03F2  00F1               	movwf	??_main+1
   233     03F3  3055               	movlw	85
   234     03F4  00F0               	movwf	??_main
   235     03F5                     u27:
   236     03F5  0BF0               	decfsz	??_main,f
   237     03F6  2BF5               	goto	u27
   238     03F7  0BF1               	decfsz	??_main+1,f
   239     03F8  2BF5               	goto	u27
   240     03F9  0BF2               	decfsz	??_main+2,f
   241     03FA  2BF5               	goto	u27
   242     03FB  2BFC               	nop2
   243     03FC  2BDC               	goto	l562
   244     03FD  2800               	ljmp	start
   245     03FE                     __end_of_main:
   246     0000                     ___latbits      equ	0
   247     007E                     btemp           set	126	;btemp
   248     007E                     wtemp0          set	126

Data Sizes:
    Strings     0
    Constant    0
    Data        0
    BSS         0
    Persistent  0
    Stack       0

Auto Spaces:
    Space          Size  Autos    Used
    COMMON           14      3       3
    BANK0            80      0       0
    BANK1            80      0       0
    BANK2            48      0       0

Pointer List with Targets:

    None.

Critical Paths under _main in COMMON

    None.

Critical Paths under _main in BANK0

    None.

Critical Paths under _main in BANK1

    None.

Critical Paths under _main in BANK2

    None.

Call Graph Tables:

 ---------------------------------------------------------------------------------
 (Depth) Function   	        Calls       Base Space   Used Autos Params    Refs
 ---------------------------------------------------------------------------------
 (0) _main                                                 3     3      0       0
                                              0 COMMON     3     3      0
 ---------------------------------------------------------------------------------
 Estimated maximum stack depth 0
 ---------------------------------------------------------------------------------

 Call Graph Graphs:

 _main (ROOT)

Address spaces:
Name               Size   Autos  Total    Usage
BITCOMMON           14      0       0      0.0%
BITBANK0            80      0       0      0.0%
BITBANK1            80      0       0      0.0%
BITBANK2            48      0       0      0.0%
COMMON              14      3       3     21.4%
BANK0               80      0       0      0.0%
BANK1               80      0       0      0.0%
BANK2               48      0       0      0.0%
STACK                0      0       0      0.0%
DATA                 0      0       3      0.0%


Microchip Technology PIC Macro Assembler V3.00 build 20241204225717 
Symbol Table                                                                                   Tue Aug 26 13:07:59 2025

                     u17 03E5                       u27 03F5                      l560 03D6  
                    l562 03DC                      l564 03DF                      l566 03EC  
                    l568 03EF                     _main 03D6                     btemp 007E  
                   start 0000                    ?_main 0070                    _PORTB 0006  
                  _TRISB 0086                    status 0003                    wtemp0 007E  
        __initialization 03FE             __end_of_main 03FE                   ??_main 0070  
__end_of__initialization 03FE           __pcstackCOMMON 0070               __pmaintext 03D6  
   end_of_initialization 03FE                _PORTBbits 0006      start_initialization 03FE  
              ___latbits 0000  
